build/app/intermediates/manifest_merge_blame_file/release/manifest-merger-blame-release-report.txt
1<?xml version="1.0" encoding="utf-8"?>
2<manifest xmlns:android="http://schemas.android.com/apk/res/android"
3    package="com.moneytime.money_time"
4    android:versionCode="1"
5    android:versionName="1.2.2" >
6
7    <uses-sdk
8        android:minSdkVersion="19"
8-->src\main\AndroidManifest.xml
9        android:targetSdkVersion="33" />
9-->src\main\AndroidManifest.xml
10
11    <uses-permission android:name="android.permission.ACCESS_NETWORK_STATE" />
11-->[:firebase_analytics] AndroidManifest.xml:9:5-79
11-->[:firebase_analytics] AndroidManifest.xml:9:22-76
12    <uses-permission android:name="android.permission.INTERNET" />
12-->[:firebase_analytics] AndroidManifest.xml:10:5-67
12-->[:firebase_analytics] AndroidManifest.xml:10:22-64
13    <uses-permission android:name="android.permission.WAKE_LOCK" />
13-->[:firebase_analytics] AndroidManifest.xml:11:5-68
13-->[:firebase_analytics] AndroidManifest.xml:11:22-65
14    <uses-permission android:name="com.google.android.gms.permission.AD_ID" />
14-->[com.google.android.gms:play-services-measurement-api:21.2.2] AndroidManifest.xml:25:5-79
14-->[com.google.android.gms:play-services-measurement-api:21.2.2] AndroidManifest.xml:25:22-76
15    <uses-permission android:name="com.google.android.finsky.permission.BIND_GET_INSTALL_REFERRER_SERVICE" />
15-->[com.google.android.gms:play-services-measurement:21.2.2] AndroidManifest.xml:26:5-110
15-->[com.google.android.gms:play-services-measurement:21.2.2] AndroidManifest.xml:26:22-107
16
17    <permission
17-->[androidx.core:core:1.10.1] AndroidManifest.xml:22:5-24:47
18        android:name="com.moneytime.money_time.DYNAMIC_RECEIVER_NOT_EXPORTED_PERMISSION"
18-->[androidx.core:core:1.10.1] AndroidManifest.xml:23:9-81
19        android:protectionLevel="signature" />
19-->[androidx.core:core:1.10.1] AndroidManifest.xml:24:9-44
20
21    <uses-permission android:name="com.moneytime.money_time.DYNAMIC_RECEIVER_NOT_EXPORTED_PERMISSION" />
21-->[androidx.core:core:1.10.1] AndroidManifest.xml:26:5-97
21-->[androidx.core:core:1.10.1] AndroidManifest.xml:26:22-94
22
23    <application
24        android:name="android.app.Application"
24-->src\main\AndroidManifest.xml:4:9-42
25        android:appComponentFactory="androidx.core.app.CoreComponentFactory"
25-->[androidx.core:core:1.10.1] AndroidManifest.xml:28:18-86
26        android:icon="@mipmap/launcher_icon"
26-->src\main\AndroidManifest.xml:5:9-45
27        android:label="Money Time" >
27-->src\main\AndroidManifest.xml:3:9-35
28        <activity
28-->src\main\AndroidManifest.xml:6:9-29:20
29            android:name="com.moneytime.money_time.MainActivity"
29-->src\main\AndroidManifest.xml:7:13-41
30            android:configChanges="orientation|keyboardHidden|keyboard|screenSize|smallestScreenSize|locale|layoutDirection|fontScale|screenLayout|density|uiMode"
30-->src\main\AndroidManifest.xml:11:13-163
31            android:enableOnBackInvokedCallback="true"
31-->src\main\AndroidManifest.xml:14:13-55
32            android:exported="true"
32-->src\main\AndroidManifest.xml:8:13-36
33            android:hardwareAccelerated="true"
33-->src\main\AndroidManifest.xml:12:13-47
34            android:launchMode="singleTop"
34-->src\main\AndroidManifest.xml:9:13-43
35            android:theme="@style/LaunchTheme"
35-->src\main\AndroidManifest.xml:10:13-47
36            android:windowSoftInputMode="adjustResize" >
36-->src\main\AndroidManifest.xml:13:13-55
37
38            <!--
39                 Specifies an Android theme to apply to this Activity as soon as
40                 the Android process has started. This theme is visible to the user
41                 while the Flutter UI initializes. After that, this theme continues
42                 to determine the Window background behind the Flutter UI.
43            -->
44            <meta-data
44-->src\main\AndroidManifest.xml:21:13-24:17
45                android:name="io.flutter.embedding.android.NormalTheme"
45-->src\main\AndroidManifest.xml:22:15-70
46                android:resource="@style/NormalTheme" />
46-->src\main\AndroidManifest.xml:23:15-52
47
48            <intent-filter>
48-->src\main\AndroidManifest.xml:25:13-28:29
49                <action android:name="android.intent.action.MAIN" />
49-->src\main\AndroidManifest.xml:26:17-68
49-->src\main\AndroidManifest.xml:26:25-66
50
51                <category android:name="android.intent.category.LAUNCHER" />
51-->src\main\AndroidManifest.xml:27:17-76
51-->src\main\AndroidManifest.xml:27:27-74
52            </intent-filter>
53        </activity>
54        <activity
54-->src\main\AndroidManifest.xml:30:12-33:71
55            android:name="com.yalantis.ucrop.UCropActivity"
55-->src\main\AndroidManifest.xml:31:13-60
56            android:screenOrientation="portrait"
56-->src\main\AndroidManifest.xml:32:13-49
57            android:theme="@style/Theme.AppCompat.Light.NoActionBar" />
57-->src\main\AndroidManifest.xml:33:13-69
58        <!--
59             Don't delete the meta-data below.
60             This is used by the Flutter tool to generate GeneratedPluginRegistrant.java
61        -->
62        <meta-data
62-->src\main\AndroidManifest.xml:36:9-38:33
63            android:name="flutterEmbedding"
63-->src\main\AndroidManifest.xml:37:13-44
64            android:value="2" />
64-->src\main\AndroidManifest.xml:38:13-30
65
66        <!-- <provider -->
67        <!-- android:name="androidx.startup.InitializationProvider" -->
68        <!-- android:authorities="${applicationId}.androidx-startup" -->
69        <!-- tools:node="remove"> -->
70        <!-- </provider> -->
71        <service
71-->[:firebase_analytics] AndroidManifest.xml:14:9-18:19
72            android:name="com.google.firebase.components.ComponentDiscoveryService"
72-->[:firebase_analytics] AndroidManifest.xml:14:18-89
73            android:directBootAware="true"
73-->[com.google.firebase:firebase-common:20.3.2] AndroidManifest.xml:34:13-43
74            android:exported="false" >
74-->[com.google.firebase:firebase-auth:22.0.0] AndroidManifest.xml:68:13-37
75            <meta-data
75-->[:firebase_analytics] AndroidManifest.xml:15:13-17:85
76                android:name="com.google.firebase.components:io.flutter.plugins.firebase.analytics.FlutterFirebaseAppRegistrar"
76-->[:firebase_analytics] AndroidManifest.xml:16:17-128
77                android:value="com.google.firebase.components.ComponentRegistrar" />
77-->[:firebase_analytics] AndroidManifest.xml:17:17-82
78            <meta-data
78-->[:firebase_auth] AndroidManifest.xml:11:13-13:85
79                android:name="com.google.firebase.components:io.flutter.plugins.firebase.auth.FlutterFirebaseAuthRegistrar"
79-->[:firebase_auth] AndroidManifest.xml:12:17-124
80                android:value="com.google.firebase.components.ComponentRegistrar" />
80-->[:firebase_auth] AndroidManifest.xml:13:17-82
81            <meta-data
81-->[:firebase_storage] AndroidManifest.xml:11:13-13:85
82                android:name="com.google.firebase.components:io.flutter.plugins.firebase.storage.FlutterFirebaseAppRegistrar"
82-->[:firebase_storage] AndroidManifest.xml:12:17-126
83                android:value="com.google.firebase.components.ComponentRegistrar" />
83-->[:firebase_storage] AndroidManifest.xml:13:17-82
84            <meta-data
84-->[:cloud_firestore] AndroidManifest.xml:11:13-13:85
85                android:name="com.google.firebase.components:io.flutter.plugins.firebase.firestore.FlutterFirebaseFirestoreRegistrar"
85-->[:cloud_firestore] AndroidManifest.xml:12:17-134
86                android:value="com.google.firebase.components.ComponentRegistrar" />
86-->[:cloud_firestore] AndroidManifest.xml:13:17-82
87            <meta-data
87-->[:firebase_core] AndroidManifest.xml:11:13-13:85
88                android:name="com.google.firebase.components:io.flutter.plugins.firebase.core.FlutterFirebaseCoreRegistrar"
88-->[:firebase_core] AndroidManifest.xml:12:17-124
89                android:value="com.google.firebase.components.ComponentRegistrar" />
89-->[:firebase_core] AndroidManifest.xml:13:17-82
90            <meta-data
90-->[com.google.firebase:firebase-auth:22.0.0] AndroidManifest.xml:69:13-71:85
91                android:name="com.google.firebase.components:com.google.firebase.auth.FirebaseAuthRegistrar"
91-->[com.google.firebase:firebase-auth:22.0.0] AndroidManifest.xml:70:17-109
92                android:value="com.google.firebase.components.ComponentRegistrar" />
92-->[com.google.firebase:firebase-auth:22.0.0] AndroidManifest.xml:71:17-82
93            <meta-data
93-->[com.google.firebase:firebase-firestore:24.6.0] AndroidManifest.xml:19:13-21:85
94                android:name="com.google.firebase.components:com.google.firebase.firestore.FirestoreRegistrar"
94-->[com.google.firebase:firebase-firestore:24.6.0] AndroidManifest.xml:20:17-111
95                android:value="com.google.firebase.components.ComponentRegistrar" />
95-->[com.google.firebase:firebase-firestore:24.6.0] AndroidManifest.xml:21:17-82
96            <meta-data
96-->[com.google.firebase:firebase-storage:20.2.0] AndroidManifest.xml:32:13-34:85
97                android:name="com.google.firebase.components:com.google.firebase.storage.StorageRegistrar"
97-->[com.google.firebase:firebase-storage:20.2.0] AndroidManifest.xml:33:17-107
98                android:value="com.google.firebase.components.ComponentRegistrar" />
98-->[com.google.firebase:firebase-storage:20.2.0] AndroidManifest.xml:34:17-82
99            <meta-data
99-->[com.google.android.gms:play-services-measurement-api:21.2.2] AndroidManifest.xml:31:13-33:85
100                android:name="com.google.firebase.components:com.google.firebase.analytics.connector.internal.AnalyticsConnectorRegistrar"
100-->[com.google.android.gms:play-services-measurement-api:21.2.2] AndroidManifest.xml:32:17-139
101                android:value="com.google.firebase.components.ComponentRegistrar" />
101-->[com.google.android.gms:play-services-measurement-api:21.2.2] AndroidManifest.xml:33:17-82
102            <meta-data
102-->[com.google.firebase:firebase-installations:17.1.3] AndroidManifest.xml:17:13-19:85
103                android:name="com.google.firebase.components:com.google.firebase.installations.FirebaseInstallationsRegistrar"
103-->[com.google.firebase:firebase-installations:17.1.3] AndroidManifest.xml:18:17-127
104                android:value="com.google.firebase.components.ComponentRegistrar" />
104-->[com.google.firebase:firebase-installations:17.1.3] AndroidManifest.xml:19:17-82
105        </service>
106
107        <provider
107-->[:image_picker_android] AndroidManifest.xml:10:9-18:20
108            android:name="io.flutter.plugins.imagepicker.ImagePickerFileProvider"
108-->[:image_picker_android] AndroidManifest.xml:11:13-82
109            android:authorities="com.moneytime.money_time.flutter.image_provider"
109-->[:image_picker_android] AndroidManifest.xml:12:13-74
110            android:exported="false"
110-->[:image_picker_android] AndroidManifest.xml:13:13-37
111            android:grantUriPermissions="true" >
111-->[:image_picker_android] AndroidManifest.xml:14:13-47
112            <meta-data
112-->[:image_picker_android] AndroidManifest.xml:15:13-17:75
113                android:name="android.support.FILE_PROVIDER_PATHS"
113-->[:image_picker_android] AndroidManifest.xml:16:17-67
114                android:resource="@xml/flutter_image_picker_file_paths" />
114-->[:image_picker_android] AndroidManifest.xml:17:17-72
115        </provider>
116
117        <activity
117-->[com.google.firebase:firebase-auth:22.0.0] AndroidManifest.xml:29:9-46:20
118            android:name="com.google.firebase.auth.internal.GenericIdpActivity"
118-->[com.google.firebase:firebase-auth:22.0.0] AndroidManifest.xml:30:13-80
119            android:excludeFromRecents="true"
119-->[com.google.firebase:firebase-auth:22.0.0] AndroidManifest.xml:31:13-46
120            android:exported="true"
120-->[com.google.firebase:firebase-auth:22.0.0] AndroidManifest.xml:32:13-36
121            android:launchMode="singleTask"
121-->[com.google.firebase:firebase-auth:22.0.0] AndroidManifest.xml:33:13-44
122            android:theme="@android:style/Theme.Translucent.NoTitleBar" >
122-->[com.google.firebase:firebase-auth:22.0.0] AndroidManifest.xml:34:13-72
123            <intent-filter>
123-->[com.google.firebase:firebase-auth:22.0.0] AndroidManifest.xml:35:13-45:29
124                <action android:name="android.intent.action.VIEW" />
124-->[com.google.firebase:firebase-auth:22.0.0] AndroidManifest.xml:36:17-69
124-->[com.google.firebase:firebase-auth:22.0.0] AndroidManifest.xml:36:25-66
125
126                <category android:name="android.intent.category.DEFAULT" />
126-->[com.google.firebase:firebase-auth:22.0.0] AndroidManifest.xml:38:17-76
126-->[com.google.firebase:firebase-auth:22.0.0] AndroidManifest.xml:38:27-73
127                <category android:name="android.intent.category.BROWSABLE" />
127-->[com.google.firebase:firebase-auth:22.0.0] AndroidManifest.xml:39:17-78
127-->[com.google.firebase:firebase-auth:22.0.0] AndroidManifest.xml:39:27-75
128
129                <data
129-->[com.google.firebase:firebase-auth:22.0.0] AndroidManifest.xml:41:17-44:51
130                    android:host="firebase.auth"
130-->[com.google.firebase:firebase-auth:22.0.0] AndroidManifest.xml:42:21-49
131                    android:path="/"
131-->[com.google.firebase:firebase-auth:22.0.0] AndroidManifest.xml:43:21-37
132                    android:scheme="genericidp" />
132-->[com.google.firebase:firebase-auth:22.0.0] AndroidManifest.xml:44:21-48
133            </intent-filter>
134        </activity>
135        <activity
135-->[com.google.firebase:firebase-auth:22.0.0] AndroidManifest.xml:47:9-64:20
136            android:name="com.google.firebase.auth.internal.RecaptchaActivity"
136-->[com.google.firebase:firebase-auth:22.0.0] AndroidManifest.xml:48:13-79
137            android:excludeFromRecents="true"
137-->[com.google.firebase:firebase-auth:22.0.0] AndroidManifest.xml:49:13-46
138            android:exported="true"
138-->[com.google.firebase:firebase-auth:22.0.0] AndroidManifest.xml:50:13-36
139            android:launchMode="singleTask"
139-->[com.google.firebase:firebase-auth:22.0.0] AndroidManifest.xml:51:13-44
140            android:theme="@android:style/Theme.Translucent.NoTitleBar" >
140-->[com.google.firebase:firebase-auth:22.0.0] AndroidManifest.xml:52:13-72
141            <intent-filter>
141-->[com.google.firebase:firebase-auth:22.0.0] AndroidManifest.xml:53:13-63:29
142                <action android:name="android.intent.action.VIEW" />
142-->[com.google.firebase:firebase-auth:22.0.0] AndroidManifest.xml:36:17-69
142-->[com.google.firebase:firebase-auth:22.0.0] AndroidManifest.xml:36:25-66
143
144                <category android:name="android.intent.category.DEFAULT" />
144-->[com.google.firebase:firebase-auth:22.0.0] AndroidManifest.xml:38:17-76
144-->[com.google.firebase:firebase-auth:22.0.0] AndroidManifest.xml:38:27-73
145                <category android:name="android.intent.category.BROWSABLE" />
145-->[com.google.firebase:firebase-auth:22.0.0] AndroidManifest.xml:39:17-78
145-->[com.google.firebase:firebase-auth:22.0.0] AndroidManifest.xml:39:27-75
146
147                <data
147-->[com.google.firebase:firebase-auth:22.0.0] AndroidManifest.xml:41:17-44:51
148                    android:host="firebase.auth"
148-->[com.google.firebase:firebase-auth:22.0.0] AndroidManifest.xml:42:21-49
149                    android:path="/"
149-->[com.google.firebase:firebase-auth:22.0.0] AndroidManifest.xml:43:21-37
150                    android:scheme="recaptcha" />
150-->[com.google.firebase:firebase-auth:22.0.0] AndroidManifest.xml:44:21-48
151            </intent-filter>
152        </activity>
153
154        <provider
154-->[com.google.firebase:firebase-common:20.3.2] AndroidManifest.xml:25:9-30:39
155            android:name="com.google.firebase.provider.FirebaseInitProvider"
155-->[com.google.firebase:firebase-common:20.3.2] AndroidManifest.xml:26:13-77
156            android:authorities="com.moneytime.money_time.firebaseinitprovider"
156-->[com.google.firebase:firebase-common:20.3.2] AndroidManifest.xml:27:13-72
157            android:directBootAware="true"
157-->[com.google.firebase:firebase-common:20.3.2] AndroidManifest.xml:28:13-43
158            android:exported="false"
158-->[com.google.firebase:firebase-common:20.3.2] AndroidManifest.xml:29:13-37
159            android:initOrder="100" />
159-->[com.google.firebase:firebase-common:20.3.2] AndroidManifest.xml:30:13-36
160
161        <receiver
161-->[com.google.android.gms:play-services-measurement:21.2.2] AndroidManifest.xml:29:9-33:20
162            android:name="com.google.android.gms.measurement.AppMeasurementReceiver"
162-->[com.google.android.gms:play-services-measurement:21.2.2] AndroidManifest.xml:30:13-85
163            android:enabled="true"
163-->[com.google.android.gms:play-services-measurement:21.2.2] AndroidManifest.xml:31:13-35
164            android:exported="false" >
164-->[com.google.android.gms:play-services-measurement:21.2.2] AndroidManifest.xml:32:13-37
165        </receiver>
166
167        <service
167-->[com.google.android.gms:play-services-measurement:21.2.2] AndroidManifest.xml:35:9-38:40
168            android:name="com.google.android.gms.measurement.AppMeasurementService"
168-->[com.google.android.gms:play-services-measurement:21.2.2] AndroidManifest.xml:36:13-84
169            android:enabled="true"
169-->[com.google.android.gms:play-services-measurement:21.2.2] AndroidManifest.xml:37:13-35
170            android:exported="false" />
170-->[com.google.android.gms:play-services-measurement:21.2.2] AndroidManifest.xml:38:13-37
171        <service
171-->[com.google.android.gms:play-services-measurement:21.2.2] AndroidManifest.xml:39:9-43:72
172            android:name="com.google.android.gms.measurement.AppMeasurementJobService"
172-->[com.google.android.gms:play-services-measurement:21.2.2] AndroidManifest.xml:40:13-87
173            android:enabled="true"
173-->[com.google.android.gms:play-services-measurement:21.2.2] AndroidManifest.xml:41:13-35
174            android:exported="false"
174-->[com.google.android.gms:play-services-measurement:21.2.2] AndroidManifest.xml:42:13-37
175            android:permission="android.permission.BIND_JOB_SERVICE" />
175-->[com.google.android.gms:play-services-measurement:21.2.2] AndroidManifest.xml:43:13-69
176
177        <activity
177-->[com.google.android.gms:play-services-base:18.0.1] AndroidManifest.xml:20:9-22:45
178            android:name="com.google.android.gms.common.api.GoogleApiActivity"
178-->[com.google.android.gms:play-services-base:18.0.1] AndroidManifest.xml:20:19-85
179            android:exported="false"
179-->[com.google.android.gms:play-services-base:18.0.1] AndroidManifest.xml:22:19-43
180            android:theme="@android:style/Theme.Translucent.NoTitleBar" />
180-->[com.google.android.gms:play-services-base:18.0.1] AndroidManifest.xml:21:19-78
181
182        <meta-data
182-->[com.google.android.gms:play-services-basement:18.1.0] AndroidManifest.xml:21:9-23:69
183            android:name="com.google.android.gms.version"
183-->[com.google.android.gms:play-services-basement:18.1.0] AndroidManifest.xml:22:13-58
184            android:value="@integer/google_play_services_version" />
184-->[com.google.android.gms:play-services-basement:18.1.0] AndroidManifest.xml:23:13-66
185
186        <uses-library
186-->[androidx.window:window:1.0.0-beta04] AndroidManifest.xml:25:9-27:40
187            android:name="androidx.window.extensions"
187-->[androidx.window:window:1.0.0-beta04] AndroidManifest.xml:26:13-54
188            android:required="false" />
188-->[androidx.window:window:1.0.0-beta04] AndroidManifest.xml:27:13-37
189        <uses-library
189-->[androidx.window:window:1.0.0-beta04] AndroidManifest.xml:28:9-30:40
190            android:name="androidx.window.sidecar"
190-->[androidx.window:window:1.0.0-beta04] AndroidManifest.xml:29:13-51
191            android:required="false" />
191-->[androidx.window:window:1.0.0-beta04] AndroidManifest.xml:30:13-37
192
193        <provider
193-->[androidx.profileinstaller:profileinstaller:1.3.0] AndroidManifest.xml:24:9-32:20
194            android:name="androidx.startup.InitializationProvider"
194-->[androidx.profileinstaller:profileinstaller:1.3.0] AndroidManifest.xml:25:13-67
195            android:authorities="com.moneytime.money_time.androidx-startup"
195-->[androidx.profileinstaller:profileinstaller:1.3.0] AndroidManifest.xml:26:13-68
196            android:exported="false" >
196-->[androidx.profileinstaller:profileinstaller:1.3.0] AndroidManifest.xml:27:13-37
197            <meta-data
197-->[androidx.profileinstaller:profileinstaller:1.3.0] AndroidManifest.xml:29:13-31:52
198                android:name="androidx.profileinstaller.ProfileInstallerInitializer"
198-->[androidx.profileinstaller:profileinstaller:1.3.0] AndroidManifest.xml:30:17-85
199                android:value="androidx.startup" />
199-->[androidx.profileinstaller:profileinstaller:1.3.0] AndroidManifest.xml:31:17-49
200        </provider>
201
202        <receiver
202-->[androidx.profileinstaller:profileinstaller:1.3.0] AndroidManifest.xml:34:9-52:20
203            android:name="androidx.profileinstaller.ProfileInstallReceiver"
203-->[androidx.profileinstaller:profileinstaller:1.3.0] AndroidManifest.xml:35:13-76
204            android:directBootAware="false"
204-->[androidx.profileinstaller:profileinstaller:1.3.0] AndroidManifest.xml:36:13-44
205            android:enabled="true"
205-->[androidx.profileinstaller:profileinstaller:1.3.0] AndroidManifest.xml:37:13-35
206            android:exported="true"
206-->[androidx.profileinstaller:profileinstaller:1.3.0] AndroidManifest.xml:38:13-36
207            android:permission="android.permission.DUMP" >
207-->[androidx.profileinstaller:profileinstaller:1.3.0] AndroidManifest.xml:39:13-57
208            <intent-filter>
208-->[androidx.profileinstaller:profileinstaller:1.3.0] AndroidManifest.xml:40:13-42:29
209                <action android:name="androidx.profileinstaller.action.INSTALL_PROFILE" />
209-->[androidx.profileinstaller:profileinstaller:1.3.0] AndroidManifest.xml:41:17-91
209-->[androidx.profileinstaller:profileinstaller:1.3.0] AndroidManifest.xml:41:25-88
210            </intent-filter>
211            <intent-filter>
211-->[androidx.profileinstaller:profileinstaller:1.3.0] AndroidManifest.xml:43:13-45:29
212                <action android:name="androidx.profileinstaller.action.SKIP_FILE" />
212-->[androidx.profileinstaller:profileinstaller:1.3.0] AndroidManifest.xml:44:17-85
212-->[androidx.profileinstaller:profileinstaller:1.3.0] AndroidManifest.xml:44:25-82
213            </intent-filter>
214            <intent-filter>
214-->[androidx.profileinstaller:profileinstaller:1.3.0] AndroidManifest.xml:46:13-48:29
215                <action android:name="androidx.profileinstaller.action.SAVE_PROFILE" />
215-->[androidx.profileinstaller:profileinstaller:1.3.0] AndroidManifest.xml:47:17-88
215-->[androidx.profileinstaller:profileinstaller:1.3.0] AndroidManifest.xml:47:25-85
216            </intent-filter>
217            <intent-filter>
217-->[androidx.profileinstaller:profileinstaller:1.3.0] AndroidManifest.xml:49:13-51:29
218                <action android:name="androidx.profileinstaller.action.BENCHMARK_OPERATION" />
218-->[androidx.profileinstaller:profileinstaller:1.3.0] AndroidManifest.xml:50:17-95
218-->[androidx.profileinstaller:profileinstaller:1.3.0] AndroidManifest.xml:50:25-92
219            </intent-filter>
220        </receiver>
221    </application>
222
223</manifest>